E, [2015-11-04T10:20:17.234770 #7501] ERROR -- Kitchen: ------Exception-------
E, [2015-11-04T10:20:17.234840 #7501] ERROR -- Kitchen: Class: Kitchen::UserError
E, [2015-11-04T10:20:17.234868 #7501] ERROR -- Kitchen: Message: Kitchen YAML file /home/smacfarl/workspace/gina-omnibus-software/.kitchen.yml does not exist.
E, [2015-11-04T10:20:17.234892 #7501] ERROR -- Kitchen: ------Backtrace-------
E, [2015-11-04T10:20:17.234916 #7501] ERROR -- Kitchen: /opt/chefdk/embedded/lib/ruby/gems/2.1.0/gems/test-kitchen-1.4.2/lib/kitchen/loader/yaml.rb:74:in `read'
E, [2015-11-04T10:20:17.234957 #7501] ERROR -- Kitchen: /opt/chefdk/embedded/lib/ruby/gems/2.1.0/gems/test-kitchen-1.4.2/lib/kitchen/config.rb:145:in `data'
E, [2015-11-04T10:20:17.234982 #7501] ERROR -- Kitchen: /opt/chefdk/embedded/lib/ruby/gems/2.1.0/gems/test-kitchen-1.4.2/lib/kitchen/config.rb:124:in `suites'
E, [2015-11-04T10:20:17.235006 #7501] ERROR -- Kitchen: /opt/chefdk/embedded/lib/ruby/gems/2.1.0/gems/test-kitchen-1.4.2/lib/kitchen/config.rb:175:in `filter_instances'
E, [2015-11-04T10:20:17.235030 #7501] ERROR -- Kitchen: /opt/chefdk/embedded/lib/ruby/gems/2.1.0/gems/test-kitchen-1.4.2/lib/kitchen/config.rb:134:in `build_instances'
E, [2015-11-04T10:20:17.235054 #7501] ERROR -- Kitchen: /opt/chefdk/embedded/lib/ruby/gems/2.1.0/gems/test-kitchen-1.4.2/lib/kitchen/config.rb:110:in `instances'
E, [2015-11-04T10:20:17.235079 #7501] ERROR -- Kitchen: /opt/chefdk/embedded/lib/ruby/gems/2.1.0/gems/test-kitchen-1.4.2/lib/kitchen/command.rb:115:in `filtered_instances'
E, [2015-11-04T10:20:17.235103 #7501] ERROR -- Kitchen: /opt/chefdk/embedded/lib/ruby/gems/2.1.0/gems/test-kitchen-1.4.2/lib/kitchen/command.rb:145:in `parse_subcommand'
E, [2015-11-04T10:20:17.235143 #7501] ERROR -- Kitchen: /opt/chefdk/embedded/lib/ruby/gems/2.1.0/gems/test-kitchen-1.4.2/lib/kitchen/command/list.rb:32:in `call'
E, [2015-11-04T10:20:17.235167 #7501] ERROR -- Kitchen: /opt/chefdk/embedded/lib/ruby/gems/2.1.0/gems/test-kitchen-1.4.2/lib/kitchen/cli.rb:56:in `perform'
E, [2015-11-04T10:20:17.235190 #7501] ERROR -- Kitchen: /opt/chefdk/embedded/lib/ruby/gems/2.1.0/gems/test-kitchen-1.4.2/lib/kitchen/cli.rb:108:in `list'
E, [2015-11-04T10:20:17.235214 #7501] ERROR -- Kitchen: /opt/chefdk/embedded/lib/ruby/gems/2.1.0/gems/thor-0.19.1/lib/thor/command.rb:27:in `run'
E, [2015-11-04T10:20:17.235239 #7501] ERROR -- Kitchen: /opt/chefdk/embedded/lib/ruby/gems/2.1.0/gems/thor-0.19.1/lib/thor/invocation.rb:126:in `invoke_command'
E, [2015-11-04T10:20:17.235262 #7501] ERROR -- Kitchen: /opt/chefdk/embedded/lib/ruby/gems/2.1.0/gems/test-kitchen-1.4.2/lib/kitchen/cli.rb:308:in `invoke_task'
E, [2015-11-04T10:20:17.235287 #7501] ERROR -- Kitchen: /opt/chefdk/embedded/lib/ruby/gems/2.1.0/gems/thor-0.19.1/lib/thor.rb:359:in `dispatch'
E, [2015-11-04T10:20:17.235311 #7501] ERROR -- Kitchen: /opt/chefdk/embedded/lib/ruby/gems/2.1.0/gems/thor-0.19.1/lib/thor/base.rb:440:in `start'
E, [2015-11-04T10:20:17.235334 #7501] ERROR -- Kitchen: /opt/chefdk/embedded/lib/ruby/gems/2.1.0/gems/test-kitchen-1.4.2/bin/kitchen:13:in `block in <top (required)>'
E, [2015-11-04T10:20:17.235357 #7501] ERROR -- Kitchen: /opt/chefdk/embedded/lib/ruby/gems/2.1.0/gems/test-kitchen-1.4.2/lib/kitchen/errors.rb:154:in `with_friendly_errors'
E, [2015-11-04T10:20:17.235381 #7501] ERROR -- Kitchen: /opt/chefdk/embedded/lib/ruby/gems/2.1.0/gems/test-kitchen-1.4.2/bin/kitchen:13:in `<top (required)>'
E, [2015-11-04T10:20:17.235405 #7501] ERROR -- Kitchen: /opt/chefdk/bin/kitchen:14:in `load'
E, [2015-11-04T10:20:17.235437 #7501] ERROR -- Kitchen: /opt/chefdk/bin/kitchen:14:in `<main>'
E, [2015-11-04T10:20:17.235460 #7501] ERROR -- Kitchen: ----------------------
